{
  "trial_id": "15f02d77",
  "experiment_id": "exp_20260129_142327",
  "timestamp": "2026-01-29T14:47:12.144015",
  "framework": "pydantic-ai",
  "framework_version": "latest",
  "doc_level": "minimal",
  "doc_hash": "6a21f975fbb647ac",
  "doc_token_count": 52,
  "task_tier": 1,
  "task_id": "tier1_claims_classification",
  "model": "deepseek-v3",
  "run_number": 2,
  "result": {
    "trial_id": "15f02d77",
    "framework": "pydantic-ai",
    "doc_level": "minimal",
    "task_tier": 1,
    "model": "DeepSeek (deepseek-chat)",
    "outcome": "success",
    "final_turn": 8,
    "dev_set_pass": true,
    "hidden_set_pass": false,
    "hidden_set_score": 0.0,
    "compliance_check_pass": true,
    "total_tokens": 36167,
    "turns": [
      {
        "turn_number": 1,
        "outcome": "error",
        "code_hash": "89e139b674cccf6d",
        "code_loc": 140,
        "error_type": "TypeError",
        "error_message": "AbstractAgent.run_sync() got an unexpected keyword argument 'result_type'",
        "tokens_generated": 1243,
        "execution_time_ms": 1418.23410987854
      },
      {
        "turn_number": 2,
        "outcome": "error",
        "code_hash": "36028711acb49c28",
        "code_loc": 155,
        "error_type": "TypeError",
        "error_message": "'Agent' object is not callable",
        "tokens_generated": 1664,
        "execution_time_ms": 1396.0847854614258
      },
      {
        "turn_number": 3,
        "outcome": "error",
        "code_hash": "c184c5e2e83d2b8b",
        "code_loc": 148,
        "error_type": "UserError",
        "error_message": "Unknown keyword arguments: `result_type`",
        "tokens_generated": 1555,
        "execution_time_ms": 1431.1249256134033
      },
      {
        "turn_number": 4,
        "outcome": "error",
        "code_hash": "5ba1e35cf52bf01e",
        "code_loc": 148,
        "error_type": "UserError",
        "error_message": "Unknown keyword arguments: `result_schema`",
        "tokens_generated": 1536,
        "execution_time_ms": 1581.636905670166
      },
      {
        "turn_number": 5,
        "outcome": "error",
        "code_hash": "b910d748466d0896",
        "code_loc": 148,
        "error_type": "UserError",
        "error_message": "Unknown keyword arguments: `result_type`",
        "tokens_generated": 1490,
        "execution_time_ms": 1621.3891506195068
      },
      {
        "turn_number": 6,
        "outcome": "error",
        "code_hash": "eedeee840a38e499",
        "code_loc": 236,
        "error_type": "AssertionError",
        "error_message": "Expected 'simple', got 'complex' for dev_001",
        "tokens_generated": 2357,
        "execution_time_ms": 5468.002080917358
      },
      {
        "turn_number": 7,
        "outcome": "error",
        "code_hash": "36790c3b5085dd79",
        "code_loc": 253,
        "error_type": "UserError",
        "error_message": "Unknown keyword arguments: `result_type`",
        "tokens_generated": 3502,
        "execution_time_ms": 1355.558156967163
      },
      {
        "turn_number": 8,
        "outcome": "success",
        "code_hash": "4b903b21e5a053ab",
        "code_loc": 297,
        "error_type": null,
        "error_message": null,
        "tokens_generated": 3030,
        "execution_time_ms": 18023.69713783264
      }
    ]
  },
  "metrics": {
    "turns_to_success": 8,
    "success": true,
    "first_attempt_success": false,
    "total_tokens": 36167,
    "error_types": {
      "TypeError": 2,
      "UserError": 4,
      "AssertionError": 1
    },
    "meaningful_error_rate": 0.0,
    "self_correction_ratio": 1.0,
    "hallucination_rate": 0.0,
    "invented_rate": 0.0,
    "version_conflict_rate": 0.0,
    "compliance_pass": true,
    "framework_bypass": false,
    "hidden_set_pass": false,
    "hidden_set_score": 0.0
  },
  "error_analyses": [
    {
      "category": "ErrorCategory.TYPE",
      "origin": "ErrorOrigin.USER_CODE",
      "exception_type": "TypeError",
      "signature": "TypeError:AbstractAgent.run_sync() got an unexpected keyword argument 'result_type'",
      "is_actionable": true,
      "original_message": "AbstractAgent.run_sync() got an unexpected keyword argument 'result_type'",
      "original_traceback": "Traceback (most recent call last):\n  File \"/var/folders/1l/hzp2vy1s0t30w393mbtz3spw0000gn/T/sandbox_pydantic-ai_wsfcbbgr/_runner.py\", line 20, in main\n    exec('from solution import *\\n\\n# Test: dev_001\\nresult = classify_claim({\\'claim_id\\': \\'CLM-001\\', \\'description\\': \\'Minor fender bender in parking lot. My car was hit while parked. Other driver admitted fault.\\', \\'damage_estimate\\': 1200, \\'parties_involved\\': 2, \\'has_injury\\': False, \\'liability_clear\\': True, \\'vehicle_type\\': \\'personal\\'})\\nassert \\'classification\\' in result, \"Result must have \\'classification\\' key\"\\nassert \\'confidence\\' in result, \"Result must have \\'confidence\\' key\"\\nassert \\'reasoning\\' in result, \"Result must have \\'reasoning\\' key\"\\nassert result[\\'classification\\'] in [\\'simple\\', \\'complex\\'], f\"Invalid classification: {result[\\'classification\\']}\"\\nassert result[\\'classification\\'] == \\'simple\\', f\"Expected \\'simple\\', got \\'{result[\\'classification\\']}\\' for dev_001\"\\nassert 0 <= result[\\'confidence\\'] <= 1, f\"Confidence must be between 0 and 1, got {result[\\'confidence\\']}\"\\n\\n\\n# Test: dev_002\\nresult = classify_claim({\\'claim_id\\': \\'CLM-002\\', \\'description\\': \\'Multi-vehicle pileup on highway. Three cars involved, one driver taken to hospital with neck pain.\\', \\'damage_estimate\\': 25000, \\'parties_involved\\': 3, \\'has_injury\\': True, \\'liability_clear\\': False, \\'vehicle_type\\': \\'personal\\'})\\nassert \\'classification\\' in result, \"Result must have \\'classification\\' key\"\\nassert \\'confidence\\' in result, \"Result must have \\'confidence\\' key\"\\nassert \\'reasoning\\' in result, \"Result must have \\'reasoning\\' key\"\\nassert result[\\'classification\\'] in [\\'simple\\', \\'complex\\'], f\"Invalid classification: {result[\\'classification\\']}\"\\nassert result[\\'classification\\'] == \\'complex\\', f\"Expected \\'complex\\', got \\'{result[\\'classification\\']}\\' for dev_002\"\\nassert 0 <= result[\\'confidence\\'] <= 1, f\"Confidence must be between 0 and 1, got {result[\\'confidence\\']}\"\\n\\n\\n# Test: dev_003\\nresult = classify_claim({\\'claim_id\\': \\'CLM-003\\', \\'description\\': \\'Delivery truck backed into storefront causing significant structural damage.\\', \\'damage_estimate\\': 45000, \\'parties_involved\\': 2, \\'has_injury\\': False, \\'liability_clear\\': True, \\'vehicle_type\\': \\'commercial\\'})\\nassert \\'classification\\' in result, \"Result must have \\'classification\\' key\"\\nassert \\'confidence\\' in result, \"Result must have \\'confidence\\' key\"\\nassert \\'reasoning\\' in result, \"Result must have \\'reasoning\\' key\"\\nassert result[\\'classification\\'] in [\\'simple\\', \\'complex\\'], f\"Invalid classification: {result[\\'classification\\']}\"\\nassert result[\\'classification\\'] == \\'complex\\', f\"Expected \\'complex\\', got \\'{result[\\'classification\\']}\\' for dev_003\"\\nassert 0 <= result[\\'confidence\\'] <= 1, f\"Confidence must be between 0 and 1, got {result[\\'confidence\\']}\"\\n\\n\\n# Test: dev_004\\nresult = classify_claim({\\'claim_id\\': \\'CLM-004\\', \\'description\\': \\'Shopping cart rolled into my car door in supermarket parking lot.\\', \\'damage_estimate\\': 450, \\'parties_involved\\': 1, \\'has_injury\\': False, \\'liability_clear\\': True, \\'vehicle_type\\': \\'personal\\'})\\nassert \\'classification\\' in result, \"Result must have \\'classification\\' key\"\\nassert \\'confidence\\' in result, \"Result must have \\'confidence\\' key\"\\nassert \\'reasoning\\' in result, \"Result must have \\'reasoning\\' key\"\\nassert result[\\'classification\\'] in [\\'simple\\', \\'complex\\'], f\"Invalid classification: {result[\\'classification\\']}\"\\nassert result[\\'classification\\'] == \\'simple\\', f\"Expected \\'simple\\', got \\'{result[\\'classification\\']}\\' for dev_004\"\\nassert 0 <= result[\\'confidence\\'] <= 1, f\"Confidence must be between 0 and 1, got {result[\\'confidence\\']}\"\\n\\n\\n# Test: dev_005\\nresult = classify_claim({\\'claim_id\\': \\'CLM-005\\', \\'description\\': \\'Two cars collided at intersection. Both drivers claim the other ran the red light. Dashcam footage is unclear.\\', \\'damage_estimate\\': 8000, \\'parties_involved\\': 2, \\'has_injury\\': False, \\'liability_clear\\': False, \\'vehicle_type\\': \\'personal\\'})\\nassert \\'classification\\' in result, \"Result must have \\'classification\\' key\"\\nassert \\'confidence\\' in result, \"Result must have \\'confidence\\' key\"\\nassert \\'reasoning\\' in result, \"Result must have \\'reasoning\\' key\"\\nassert result[\\'classification\\'] in [\\'simple\\', \\'complex\\'], f\"Invalid classification: {result[\\'classification\\']}\"\\nassert result[\\'classification\\'] == \\'complex\\', f\"Expected \\'complex\\', got \\'{result[\\'classification\\']}\\' for dev_005\"\\nassert 0 <= result[\\'confidence\\'] <= 1, f\"Confidence must be between 0 and 1, got {result[\\'confidence\\']}\"\\n\\n\\nprint(\\'All development tests passed!\\')')\n  File \"<string>\", line 4, in <module>\n  File \"/private/var/folders/1l/hzp2vy1s0t30w393mbtz3spw0000gn/T/sandbox_pydantic-ai_wsfcbbgr/solution.py\", line 88, in classify_claim\n    result = agent.run_sync(user_message, result_type=ClassificationResult)\n             ^^^^^^^^^^^^^^^^^^^^^^^^^^^^^^^^^^^^^^^^^^^^^^^^^^^^^^^^^^^^^^\nTypeError: AbstractAgent.run_sync() got an unexpected keyword argument 'result_type'\n"
    },
    {
      "category": "ErrorCategory.TYPE",
      "origin": "ErrorOrigin.USER_CODE",
      "exception_type": "TypeError",
      "signature": "TypeError:'Agent' object is not callable",
      "is_actionable": true,
      "original_message": "'Agent' object is not callable",
      "original_traceback": "Traceback (most recent call last):\n  File \"/var/folders/1l/hzp2vy1s0t30w393mbtz3spw0000gn/T/sandbox_pydantic-ai_wsfcbbgr/_runner.py\", line 17, in main\n    import solution\n  File \"/private/var/folders/1l/hzp2vy1s0t30w393mbtz3spw0000gn/T/sandbox_pydantic-ai_wsfcbbgr/solution.py\", line 55, in <module>\n    @agent\n     ^^^^^\nTypeError: 'Agent' object is not callable\n"
    },
    {
      "category": "ErrorCategory.TYPE",
      "origin": "ErrorOrigin.FRAMEWORK_CONTEXT",
      "exception_type": "UserError",
      "signature": "UserError:Unknown keyword arguments: `result_type`",
      "is_actionable": true,
      "original_message": "Unknown keyword arguments: `result_type`",
      "original_traceback": "Traceback (most recent call last):\n  File \"/var/folders/1l/hzp2vy1s0t30w393mbtz3spw0000gn/T/sandbox_pydantic-ai_wsfcbbgr/_runner.py\", line 17, in main\n    import solution\n  File \"/private/var/folders/1l/hzp2vy1s0t30w393mbtz3spw0000gn/T/sandbox_pydantic-ai_wsfcbbgr/solution.py\", line 19, in <module>\n    agent = Agent(\n            ^^^^^^\n  File \"/Users/srepho/Downloads/ClaudeDev/fwork_learnability/venvs/pydantic-ai/lib/python3.12/site-packages/pydantic_ai/agent/__init__.py\", line 342, in __init__\n    _utils.validate_empty_kwargs(_deprecated_kwargs)\n  File \"/Users/srepho/Downloads/ClaudeDev/fwork_learnability/venvs/pydantic-ai/lib/python3.12/site-packages/pydantic_ai/_utils.py\", line 503, in validate_empty_kwargs\n    raise exceptions.UserError(f'Unknown keyword arguments: {unknown_kwargs}')\npydantic_ai.exceptions.UserError: Unknown keyword arguments: `result_type`\n"
    },
    {
      "category": "ErrorCategory.RUNTIME",
      "origin": "ErrorOrigin.FRAMEWORK_CONTEXT",
      "exception_type": "UserError",
      "signature": "UserError:Unknown keyword arguments: `result_schema`",
      "is_actionable": true,
      "original_message": "Unknown keyword arguments: `result_schema`",
      "original_traceback": "Traceback (most recent call last):\n  File \"/var/folders/1l/hzp2vy1s0t30w393mbtz3spw0000gn/T/sandbox_pydantic-ai_wsfcbbgr/_runner.py\", line 17, in main\n    import solution\n  File \"/private/var/folders/1l/hzp2vy1s0t30w393mbtz3spw0000gn/T/sandbox_pydantic-ai_wsfcbbgr/solution.py\", line 19, in <module>\n    agent = Agent(\n            ^^^^^^\n  File \"/Users/srepho/Downloads/ClaudeDev/fwork_learnability/venvs/pydantic-ai/lib/python3.12/site-packages/pydantic_ai/agent/__init__.py\", line 342, in __init__\n    _utils.validate_empty_kwargs(_deprecated_kwargs)\n  File \"/Users/srepho/Downloads/ClaudeDev/fwork_learnability/venvs/pydantic-ai/lib/python3.12/site-packages/pydantic_ai/_utils.py\", line 503, in validate_empty_kwargs\n    raise exceptions.UserError(f'Unknown keyword arguments: {unknown_kwargs}')\npydantic_ai.exceptions.UserError: Unknown keyword arguments: `result_schema`\n"
    },
    {
      "category": "ErrorCategory.TYPE",
      "origin": "ErrorOrigin.FRAMEWORK_CONTEXT",
      "exception_type": "UserError",
      "signature": "UserError:Unknown keyword arguments: `result_type`",
      "is_actionable": true,
      "original_message": "Unknown keyword arguments: `result_type`",
      "original_traceback": "Traceback (most recent call last):\n  File \"/var/folders/1l/hzp2vy1s0t30w393mbtz3spw0000gn/T/sandbox_pydantic-ai_wsfcbbgr/_runner.py\", line 17, in main\n    import solution\n  File \"/private/var/folders/1l/hzp2vy1s0t30w393mbtz3spw0000gn/T/sandbox_pydantic-ai_wsfcbbgr/solution.py\", line 19, in <module>\n    agent = Agent(\n            ^^^^^^\n  File \"/Users/srepho/Downloads/ClaudeDev/fwork_learnability/venvs/pydantic-ai/lib/python3.12/site-packages/pydantic_ai/agent/__init__.py\", line 342, in __init__\n    _utils.validate_empty_kwargs(_deprecated_kwargs)\n  File \"/Users/srepho/Downloads/ClaudeDev/fwork_learnability/venvs/pydantic-ai/lib/python3.12/site-packages/pydantic_ai/_utils.py\", line 503, in validate_empty_kwargs\n    raise exceptions.UserError(f'Unknown keyword arguments: {unknown_kwargs}')\npydantic_ai.exceptions.UserError: Unknown keyword arguments: `result_type`\n"
    },
    {
      "category": "ErrorCategory.TYPE",
      "origin": "ErrorOrigin.USER_CODE",
      "exception_type": "AssertionError",
      "signature": "AssertionError:Expected 'simple', got 'complex' for dev_001",
      "is_actionable": true,
      "original_message": "Expected 'simple', got 'complex' for dev_001",
      "original_traceback": "Traceback (most recent call last):\n  File \"/var/folders/1l/hzp2vy1s0t30w393mbtz3spw0000gn/T/sandbox_pydantic-ai_wsfcbbgr/_runner.py\", line 20, in main\n    exec('from solution import *\\n\\n# Test: dev_001\\nresult = classify_claim({\\'claim_id\\': \\'CLM-001\\', \\'description\\': \\'Minor fender bender in parking lot. My car was hit while parked. Other driver admitted fault.\\', \\'damage_estimate\\': 1200, \\'parties_involved\\': 2, \\'has_injury\\': False, \\'liability_clear\\': True, \\'vehicle_type\\': \\'personal\\'})\\nassert \\'classification\\' in result, \"Result must have \\'classification\\' key\"\\nassert \\'confidence\\' in result, \"Result must have \\'confidence\\' key\"\\nassert \\'reasoning\\' in result, \"Result must have \\'reasoning\\' key\"\\nassert result[\\'classification\\'] in [\\'simple\\', \\'complex\\'], f\"Invalid classification: {result[\\'classification\\']}\"\\nassert result[\\'classification\\'] == \\'simple\\', f\"Expected \\'simple\\', got \\'{result[\\'classification\\']}\\' for dev_001\"\\nassert 0 <= result[\\'confidence\\'] <= 1, f\"Confidence must be between 0 and 1, got {result[\\'confidence\\']}\"\\n\\n\\n# Test: dev_002\\nresult = classify_claim({\\'claim_id\\': \\'CLM-002\\', \\'description\\': \\'Multi-vehicle pileup on highway. Three cars involved, one driver taken to hospital with neck pain.\\', \\'damage_estimate\\': 25000, \\'parties_involved\\': 3, \\'has_injury\\': True, \\'liability_clear\\': False, \\'vehicle_type\\': \\'personal\\'})\\nassert \\'classification\\' in result, \"Result must have \\'classification\\' key\"\\nassert \\'confidence\\' in result, \"Result must have \\'confidence\\' key\"\\nassert \\'reasoning\\' in result, \"Result must have \\'reasoning\\' key\"\\nassert result[\\'classification\\'] in [\\'simple\\', \\'complex\\'], f\"Invalid classification: {result[\\'classification\\']}\"\\nassert result[\\'classification\\'] == \\'complex\\', f\"Expected \\'complex\\', got \\'{result[\\'classification\\']}\\' for dev_002\"\\nassert 0 <= result[\\'confidence\\'] <= 1, f\"Confidence must be between 0 and 1, got {result[\\'confidence\\']}\"\\n\\n\\n# Test: dev_003\\nresult = classify_claim({\\'claim_id\\': \\'CLM-003\\', \\'description\\': \\'Delivery truck backed into storefront causing significant structural damage.\\', \\'damage_estimate\\': 45000, \\'parties_involved\\': 2, \\'has_injury\\': False, \\'liability_clear\\': True, \\'vehicle_type\\': \\'commercial\\'})\\nassert \\'classification\\' in result, \"Result must have \\'classification\\' key\"\\nassert \\'confidence\\' in result, \"Result must have \\'confidence\\' key\"\\nassert \\'reasoning\\' in result, \"Result must have \\'reasoning\\' key\"\\nassert result[\\'classification\\'] in [\\'simple\\', \\'complex\\'], f\"Invalid classification: {result[\\'classification\\']}\"\\nassert result[\\'classification\\'] == \\'complex\\', f\"Expected \\'complex\\', got \\'{result[\\'classification\\']}\\' for dev_003\"\\nassert 0 <= result[\\'confidence\\'] <= 1, f\"Confidence must be between 0 and 1, got {result[\\'confidence\\']}\"\\n\\n\\n# Test: dev_004\\nresult = classify_claim({\\'claim_id\\': \\'CLM-004\\', \\'description\\': \\'Shopping cart rolled into my car door in supermarket parking lot.\\', \\'damage_estimate\\': 450, \\'parties_involved\\': 1, \\'has_injury\\': False, \\'liability_clear\\': True, \\'vehicle_type\\': \\'personal\\'})\\nassert \\'classification\\' in result, \"Result must have \\'classification\\' key\"\\nassert \\'confidence\\' in result, \"Result must have \\'confidence\\' key\"\\nassert \\'reasoning\\' in result, \"Result must have \\'reasoning\\' key\"\\nassert result[\\'classification\\'] in [\\'simple\\', \\'complex\\'], f\"Invalid classification: {result[\\'classification\\']}\"\\nassert result[\\'classification\\'] == \\'simple\\', f\"Expected \\'simple\\', got \\'{result[\\'classification\\']}\\' for dev_004\"\\nassert 0 <= result[\\'confidence\\'] <= 1, f\"Confidence must be between 0 and 1, got {result[\\'confidence\\']}\"\\n\\n\\n# Test: dev_005\\nresult = classify_claim({\\'claim_id\\': \\'CLM-005\\', \\'description\\': \\'Two cars collided at intersection. Both drivers claim the other ran the red light. Dashcam footage is unclear.\\', \\'damage_estimate\\': 8000, \\'parties_involved\\': 2, \\'has_injury\\': False, \\'liability_clear\\': False, \\'vehicle_type\\': \\'personal\\'})\\nassert \\'classification\\' in result, \"Result must have \\'classification\\' key\"\\nassert \\'confidence\\' in result, \"Result must have \\'confidence\\' key\"\\nassert \\'reasoning\\' in result, \"Result must have \\'reasoning\\' key\"\\nassert result[\\'classification\\'] in [\\'simple\\', \\'complex\\'], f\"Invalid classification: {result[\\'classification\\']}\"\\nassert result[\\'classification\\'] == \\'complex\\', f\"Expected \\'complex\\', got \\'{result[\\'classification\\']}\\' for dev_005\"\\nassert 0 <= result[\\'confidence\\'] <= 1, f\"Confidence must be between 0 and 1, got {result[\\'confidence\\']}\"\\n\\n\\nprint(\\'All development tests passed!\\')')\n  File \"<string>\", line 9, in <module>\nAssertionError: Expected 'simple', got 'complex' for dev_001\n"
    },
    {
      "category": "ErrorCategory.TYPE",
      "origin": "ErrorOrigin.FRAMEWORK_CONTEXT",
      "exception_type": "UserError",
      "signature": "UserError:Unknown keyword arguments: `result_type`",
      "is_actionable": true,
      "original_message": "Unknown keyword arguments: `result_type`",
      "original_traceback": "Traceback (most recent call last):\n  File \"/var/folders/1l/hzp2vy1s0t30w393mbtz3spw0000gn/T/sandbox_pydantic-ai_wsfcbbgr/_runner.py\", line 17, in main\n    import solution\n  File \"/private/var/folders/1l/hzp2vy1s0t30w393mbtz3spw0000gn/T/sandbox_pydantic-ai_wsfcbbgr/solution.py\", line 21, in <module>\n    agent = Agent(\n            ^^^^^^\n  File \"/Users/srepho/Downloads/ClaudeDev/fwork_learnability/venvs/pydantic-ai/lib/python3.12/site-packages/pydantic_ai/agent/__init__.py\", line 342, in __init__\n    _utils.validate_empty_kwargs(_deprecated_kwargs)\n  File \"/Users/srepho/Downloads/ClaudeDev/fwork_learnability/venvs/pydantic-ai/lib/python3.12/site-packages/pydantic_ai/_utils.py\", line 503, in validate_empty_kwargs\n    raise exceptions.UserError(f'Unknown keyword arguments: {unknown_kwargs}')\npydantic_ai.exceptions.UserError: Unknown keyword arguments: `result_type`\n"
    }
  ],
  "hallucination_result": {
    "total_api_calls": 1,
    "valid_calls": 0,
    "invented_calls": 1,
    "version_conflict_calls": 0,
    "hallucinated_symbols": [
      "Agent"
    ]
  },
  "static_compliance": {
    "passed": true,
    "has_import": true,
    "has_framework_symbols": true,
    "imported_modules": [
      "typing",
      "typing.Literal",
      "pydantic_ai",
      "pydantic_ai.Agent",
      "pydantic",
      "pydantic.BaseModel",
      "pydantic.Field",
      "asyncio",
      "json",
      "re"
    ],
    "used_symbols": [
      "Agent"
    ],
    "missing_requirements": []
  },
  "python_version": "",
  "dependency_versions": {}
}