{
  "trial_id": "84031108",
  "experiment_id": "exp_20260129_142327",
  "timestamp": "2026-01-29T16:13:58.811447",
  "framework": "direct-api",
  "framework_version": "latest",
  "doc_level": "full",
  "doc_hash": "",
  "doc_token_count": 0,
  "task_tier": 1,
  "task_id": "tier1_claims_classification",
  "model": "deepseek-v3",
  "run_number": 2,
  "result": {
    "trial_id": "84031108",
    "framework": "direct-api",
    "doc_level": "full",
    "task_tier": 1,
    "model": "DeepSeek (deepseek-chat)",
    "outcome": "success",
    "final_turn": 3,
    "dev_set_pass": true,
    "hidden_set_pass": false,
    "hidden_set_score": 0.0,
    "compliance_check_pass": false,
    "total_tokens": 18503,
    "turns": [
      {
        "turn_number": 1,
        "outcome": "error",
        "code_hash": "129c537830b8b4b3",
        "code_loc": 392,
        "error_type": "ModuleNotFoundError",
        "error_message": "No module named 'requests'",
        "tokens_generated": 3649,
        "execution_time_ms": 53.964853286743164
      },
      {
        "turn_number": 2,
        "outcome": "error",
        "code_hash": "812987c0c9e96a83",
        "code_loc": 291,
        "error_type": "AssertionError",
        "error_message": "Expected 'simple', got 'complex' for dev_001",
        "tokens_generated": 2669,
        "execution_time_ms": 55.799007415771484
      },
      {
        "turn_number": 3,
        "outcome": "success",
        "code_hash": "f1f526b5b7760c25",
        "code_loc": 332,
        "error_type": null,
        "error_message": null,
        "tokens_generated": 3384,
        "execution_time_ms": 50.984859466552734
      }
    ]
  },
  "metrics": {
    "turns_to_success": 3,
    "success": true,
    "first_attempt_success": false,
    "total_tokens": 18503,
    "error_types": {
      "ModuleNotFoundError": 1,
      "AssertionError": 1
    },
    "meaningful_error_rate": 0.0,
    "self_correction_ratio": 1.0,
    "hallucination_rate": 0.0,
    "invented_rate": 0.0,
    "version_conflict_rate": 0.0,
    "compliance_pass": false,
    "framework_bypass": true,
    "hidden_set_pass": false,
    "hidden_set_score": 0.0
  },
  "error_analyses": [
    {
      "category": "ErrorCategory.IMPORT",
      "origin": "ErrorOrigin.USER_CODE",
      "exception_type": "ModuleNotFoundError",
      "signature": "ModuleNotFoundError:No module named 'requests'",
      "is_actionable": true,
      "original_message": "No module named 'requests'",
      "original_traceback": "Traceback (most recent call last):\n  File \"/var/folders/1l/hzp2vy1s0t30w393mbtz3spw0000gn/T/sandbox_direct-api_lui9y4t1/_runner.py\", line 17, in main\n    import solution\n  File \"/private/var/folders/1l/hzp2vy1s0t30w393mbtz3spw0000gn/T/sandbox_direct-api_lui9y4t1/solution.py\", line 4, in <module>\n    import requests  # For API calls if needed\n    ^^^^^^^^^^^^^^^\nModuleNotFoundError: No module named 'requests'\n"
    },
    {
      "category": "ErrorCategory.TYPE",
      "origin": "ErrorOrigin.USER_CODE",
      "exception_type": "AssertionError",
      "signature": "AssertionError:Expected 'simple', got 'complex' for dev_001",
      "is_actionable": true,
      "original_message": "Expected 'simple', got 'complex' for dev_001",
      "original_traceback": "Traceback (most recent call last):\n  File \"/var/folders/1l/hzp2vy1s0t30w393mbtz3spw0000gn/T/sandbox_direct-api_lui9y4t1/_runner.py\", line 20, in main\n    exec('from solution import *\\n\\n# Test: dev_001\\nresult = classify_claim({\\'claim_id\\': \\'CLM-001\\', \\'description\\': \\'Minor fender bender in parking lot. My car was hit while parked. Other driver admitted fault.\\', \\'damage_estimate\\': 1200, \\'parties_involved\\': 2, \\'has_injury\\': False, \\'liability_clear\\': True, \\'vehicle_type\\': \\'personal\\'})\\nassert \\'classification\\' in result, \"Result must have \\'classification\\' key\"\\nassert \\'confidence\\' in result, \"Result must have \\'confidence\\' key\"\\nassert \\'reasoning\\' in result, \"Result must have \\'reasoning\\' key\"\\nassert result[\\'classification\\'] in [\\'simple\\', \\'complex\\'], f\"Invalid classification: {result[\\'classification\\']}\"\\nassert result[\\'classification\\'] == \\'simple\\', f\"Expected \\'simple\\', got \\'{result[\\'classification\\']}\\' for dev_001\"\\nassert 0 <= result[\\'confidence\\'] <= 1, f\"Confidence must be between 0 and 1, got {result[\\'confidence\\']}\"\\n\\n\\n# Test: dev_002\\nresult = classify_claim({\\'claim_id\\': \\'CLM-002\\', \\'description\\': \\'Multi-vehicle pileup on highway. Three cars involved, one driver taken to hospital with neck pain.\\', \\'damage_estimate\\': 25000, \\'parties_involved\\': 3, \\'has_injury\\': True, \\'liability_clear\\': False, \\'vehicle_type\\': \\'personal\\'})\\nassert \\'classification\\' in result, \"Result must have \\'classification\\' key\"\\nassert \\'confidence\\' in result, \"Result must have \\'confidence\\' key\"\\nassert \\'reasoning\\' in result, \"Result must have \\'reasoning\\' key\"\\nassert result[\\'classification\\'] in [\\'simple\\', \\'complex\\'], f\"Invalid classification: {result[\\'classification\\']}\"\\nassert result[\\'classification\\'] == \\'complex\\', f\"Expected \\'complex\\', got \\'{result[\\'classification\\']}\\' for dev_002\"\\nassert 0 <= result[\\'confidence\\'] <= 1, f\"Confidence must be between 0 and 1, got {result[\\'confidence\\']}\"\\n\\n\\n# Test: dev_003\\nresult = classify_claim({\\'claim_id\\': \\'CLM-003\\', \\'description\\': \\'Delivery truck backed into storefront causing significant structural damage.\\', \\'damage_estimate\\': 45000, \\'parties_involved\\': 2, \\'has_injury\\': False, \\'liability_clear\\': True, \\'vehicle_type\\': \\'commercial\\'})\\nassert \\'classification\\' in result, \"Result must have \\'classification\\' key\"\\nassert \\'confidence\\' in result, \"Result must have \\'confidence\\' key\"\\nassert \\'reasoning\\' in result, \"Result must have \\'reasoning\\' key\"\\nassert result[\\'classification\\'] in [\\'simple\\', \\'complex\\'], f\"Invalid classification: {result[\\'classification\\']}\"\\nassert result[\\'classification\\'] == \\'complex\\', f\"Expected \\'complex\\', got \\'{result[\\'classification\\']}\\' for dev_003\"\\nassert 0 <= result[\\'confidence\\'] <= 1, f\"Confidence must be between 0 and 1, got {result[\\'confidence\\']}\"\\n\\n\\n# Test: dev_004\\nresult = classify_claim({\\'claim_id\\': \\'CLM-004\\', \\'description\\': \\'Shopping cart rolled into my car door in supermarket parking lot.\\', \\'damage_estimate\\': 450, \\'parties_involved\\': 1, \\'has_injury\\': False, \\'liability_clear\\': True, \\'vehicle_type\\': \\'personal\\'})\\nassert \\'classification\\' in result, \"Result must have \\'classification\\' key\"\\nassert \\'confidence\\' in result, \"Result must have \\'confidence\\' key\"\\nassert \\'reasoning\\' in result, \"Result must have \\'reasoning\\' key\"\\nassert result[\\'classification\\'] in [\\'simple\\', \\'complex\\'], f\"Invalid classification: {result[\\'classification\\']}\"\\nassert result[\\'classification\\'] == \\'simple\\', f\"Expected \\'simple\\', got \\'{result[\\'classification\\']}\\' for dev_004\"\\nassert 0 <= result[\\'confidence\\'] <= 1, f\"Confidence must be between 0 and 1, got {result[\\'confidence\\']}\"\\n\\n\\n# Test: dev_005\\nresult = classify_claim({\\'claim_id\\': \\'CLM-005\\', \\'description\\': \\'Two cars collided at intersection. Both drivers claim the other ran the red light. Dashcam footage is unclear.\\', \\'damage_estimate\\': 8000, \\'parties_involved\\': 2, \\'has_injury\\': False, \\'liability_clear\\': False, \\'vehicle_type\\': \\'personal\\'})\\nassert \\'classification\\' in result, \"Result must have \\'classification\\' key\"\\nassert \\'confidence\\' in result, \"Result must have \\'confidence\\' key\"\\nassert \\'reasoning\\' in result, \"Result must have \\'reasoning\\' key\"\\nassert result[\\'classification\\'] in [\\'simple\\', \\'complex\\'], f\"Invalid classification: {result[\\'classification\\']}\"\\nassert result[\\'classification\\'] == \\'complex\\', f\"Expected \\'complex\\', got \\'{result[\\'classification\\']}\\' for dev_005\"\\nassert 0 <= result[\\'confidence\\'] <= 1, f\"Confidence must be between 0 and 1, got {result[\\'confidence\\']}\"\\n\\n\\nprint(\\'All development tests passed!\\')')\n  File \"<string>\", line 9, in <module>\nAssertionError: Expected 'simple', got 'complex' for dev_001\n"
    }
  ],
  "hallucination_result": {
    "total_api_calls": 1,
    "valid_calls": 0,
    "invented_calls": 1,
    "version_conflict_calls": 0,
    "hallucinated_symbols": [
      "llm_call"
    ]
  },
  "static_compliance": {
    "passed": true,
    "has_import": true,
    "has_framework_symbols": true,
    "imported_modules": [
      "json",
      "re",
      "typing",
      "typing.Dict",
      "typing.Any",
      "direct_api",
      "direct_api.llm_call"
    ],
    "used_symbols": [
      "llm_call"
    ],
    "missing_requirements": []
  },
  "python_version": "",
  "dependency_versions": {}
}