{
  "trial_id": "f452270a",
  "experiment_id": "exp_20260129_142327",
  "timestamp": "2026-01-29T15:44:43.741672",
  "framework": "direct-api",
  "framework_version": "latest",
  "doc_level": "minimal",
  "doc_hash": "79cbf4fafe5dc0fb",
  "doc_token_count": 42,
  "task_tier": 1,
  "task_id": "tier1_claims_classification",
  "model": "deepseek-v3",
  "run_number": 2,
  "result": {
    "trial_id": "f452270a",
    "framework": "direct-api",
    "doc_level": "minimal",
    "task_tier": 1,
    "model": "DeepSeek (deepseek-chat)",
    "outcome": "max_turns_reached",
    "final_turn": 10,
    "dev_set_pass": false,
    "hidden_set_pass": false,
    "hidden_set_score": 0.0,
    "compliance_check_pass": false,
    "total_tokens": 41397,
    "turns": [
      {
        "turn_number": 1,
        "outcome": "error",
        "code_hash": "02df28d361c3416e",
        "code_loc": 218,
        "error_type": "AssertionError",
        "error_message": "Expected 'simple', got 'complex' for dev_001",
        "tokens_generated": 1808,
        "execution_time_ms": 653.5460948944092
      },
      {
        "turn_number": 2,
        "outcome": "syntax_error",
        "code_hash": "76577a73d0f4f0ea",
        "code_loc": 119,
        "error_type": "SyntaxError",
        "error_message": "Line 119: unterminated string literal (detected at line 119)",
        "tokens_generated": 3175,
        "execution_time_ms": 0
      },
      {
        "turn_number": 3,
        "outcome": "syntax_error",
        "code_hash": "e4f638cc4252678a",
        "code_loc": 119,
        "error_type": "SyntaxError",
        "error_message": "Line 119: unterminated string literal (detected at line 119)",
        "tokens_generated": 2663,
        "execution_time_ms": 0
      },
      {
        "turn_number": 4,
        "outcome": "syntax_error",
        "code_hash": "e4f638cc4252678a",
        "code_loc": 119,
        "error_type": "SyntaxError",
        "error_message": "Line 119: unterminated string literal (detected at line 119)",
        "tokens_generated": 2362,
        "execution_time_ms": 0
      },
      {
        "turn_number": 5,
        "outcome": "syntax_error",
        "code_hash": "e4f638cc4252678a",
        "code_loc": 119,
        "error_type": "SyntaxError",
        "error_message": "Line 119: unterminated string literal (detected at line 119)",
        "tokens_generated": 2391,
        "execution_time_ms": 0
      },
      {
        "turn_number": 6,
        "outcome": "syntax_error",
        "code_hash": "e4f638cc4252678a",
        "code_loc": 119,
        "error_type": "SyntaxError",
        "error_message": "Line 119: unterminated string literal (detected at line 119)",
        "tokens_generated": 2376,
        "execution_time_ms": 0
      },
      {
        "turn_number": 7,
        "outcome": "syntax_error",
        "code_hash": "e4f638cc4252678a",
        "code_loc": 119,
        "error_type": "SyntaxError",
        "error_message": "Line 119: unterminated string literal (detected at line 119)",
        "tokens_generated": 2398,
        "execution_time_ms": 0
      },
      {
        "turn_number": 8,
        "outcome": "syntax_error",
        "code_hash": "e4f638cc4252678a",
        "code_loc": 119,
        "error_type": "SyntaxError",
        "error_message": "Line 119: unterminated string literal (detected at line 119)",
        "tokens_generated": 2513,
        "execution_time_ms": 0
      },
      {
        "turn_number": 9,
        "outcome": "syntax_error",
        "code_hash": "e4f638cc4252678a",
        "code_loc": 119,
        "error_type": "SyntaxError",
        "error_message": "Line 119: unterminated string literal (detected at line 119)",
        "tokens_generated": 2622,
        "execution_time_ms": 0
      },
      {
        "turn_number": 10,
        "outcome": "syntax_error",
        "code_hash": "e4f638cc4252678a",
        "code_loc": 119,
        "error_type": "SyntaxError",
        "error_message": "Line 119: unterminated string literal (detected at line 119)",
        "tokens_generated": 2757,
        "execution_time_ms": 0
      }
    ]
  },
  "metrics": {
    "turns_to_success": null,
    "success": false,
    "first_attempt_success": false,
    "total_tokens": 41397,
    "error_types": {
      "AssertionError": 1,
      "SyntaxError": 9
    },
    "meaningful_error_rate": 0.0,
    "self_correction_ratio": 0.3,
    "hallucination_rate": 0.0,
    "invented_rate": 0.0,
    "version_conflict_rate": 0.0,
    "compliance_pass": false,
    "framework_bypass": true,
    "hidden_set_pass": false,
    "hidden_set_score": 0.0
  },
  "error_analyses": [
    {
      "category": "ErrorCategory.TYPE",
      "origin": "ErrorOrigin.USER_CODE",
      "exception_type": "AssertionError",
      "signature": "AssertionError:Expected 'simple', got 'complex' for dev_001",
      "is_actionable": true,
      "original_message": "Expected 'simple', got 'complex' for dev_001",
      "original_traceback": "Traceback (most recent call last):\n  File \"/var/folders/1l/hzp2vy1s0t30w393mbtz3spw0000gn/T/sandbox_direct-api_741o0v73/_runner.py\", line 20, in main\n    exec('from solution import *\\n\\n# Test: dev_001\\nresult = classify_claim({\\'claim_id\\': \\'CLM-001\\', \\'description\\': \\'Minor fender bender in parking lot. My car was hit while parked. Other driver admitted fault.\\', \\'damage_estimate\\': 1200, \\'parties_involved\\': 2, \\'has_injury\\': False, \\'liability_clear\\': True, \\'vehicle_type\\': \\'personal\\'})\\nassert \\'classification\\' in result, \"Result must have \\'classification\\' key\"\\nassert \\'confidence\\' in result, \"Result must have \\'confidence\\' key\"\\nassert \\'reasoning\\' in result, \"Result must have \\'reasoning\\' key\"\\nassert result[\\'classification\\'] in [\\'simple\\', \\'complex\\'], f\"Invalid classification: {result[\\'classification\\']}\"\\nassert result[\\'classification\\'] == \\'simple\\', f\"Expected \\'simple\\', got \\'{result[\\'classification\\']}\\' for dev_001\"\\nassert 0 <= result[\\'confidence\\'] <= 1, f\"Confidence must be between 0 and 1, got {result[\\'confidence\\']}\"\\n\\n\\n# Test: dev_002\\nresult = classify_claim({\\'claim_id\\': \\'CLM-002\\', \\'description\\': \\'Multi-vehicle pileup on highway. Three cars involved, one driver taken to hospital with neck pain.\\', \\'damage_estimate\\': 25000, \\'parties_involved\\': 3, \\'has_injury\\': True, \\'liability_clear\\': False, \\'vehicle_type\\': \\'personal\\'})\\nassert \\'classification\\' in result, \"Result must have \\'classification\\' key\"\\nassert \\'confidence\\' in result, \"Result must have \\'confidence\\' key\"\\nassert \\'reasoning\\' in result, \"Result must have \\'reasoning\\' key\"\\nassert result[\\'classification\\'] in [\\'simple\\', \\'complex\\'], f\"Invalid classification: {result[\\'classification\\']}\"\\nassert result[\\'classification\\'] == \\'complex\\', f\"Expected \\'complex\\', got \\'{result[\\'classification\\']}\\' for dev_002\"\\nassert 0 <= result[\\'confidence\\'] <= 1, f\"Confidence must be between 0 and 1, got {result[\\'confidence\\']}\"\\n\\n\\n# Test: dev_003\\nresult = classify_claim({\\'claim_id\\': \\'CLM-003\\', \\'description\\': \\'Delivery truck backed into storefront causing significant structural damage.\\', \\'damage_estimate\\': 45000, \\'parties_involved\\': 2, \\'has_injury\\': False, \\'liability_clear\\': True, \\'vehicle_type\\': \\'commercial\\'})\\nassert \\'classification\\' in result, \"Result must have \\'classification\\' key\"\\nassert \\'confidence\\' in result, \"Result must have \\'confidence\\' key\"\\nassert \\'reasoning\\' in result, \"Result must have \\'reasoning\\' key\"\\nassert result[\\'classification\\'] in [\\'simple\\', \\'complex\\'], f\"Invalid classification: {result[\\'classification\\']}\"\\nassert result[\\'classification\\'] == \\'complex\\', f\"Expected \\'complex\\', got \\'{result[\\'classification\\']}\\' for dev_003\"\\nassert 0 <= result[\\'confidence\\'] <= 1, f\"Confidence must be between 0 and 1, got {result[\\'confidence\\']}\"\\n\\n\\n# Test: dev_004\\nresult = classify_claim({\\'claim_id\\': \\'CLM-004\\', \\'description\\': \\'Shopping cart rolled into my car door in supermarket parking lot.\\', \\'damage_estimate\\': 450, \\'parties_involved\\': 1, \\'has_injury\\': False, \\'liability_clear\\': True, \\'vehicle_type\\': \\'personal\\'})\\nassert \\'classification\\' in result, \"Result must have \\'classification\\' key\"\\nassert \\'confidence\\' in result, \"Result must have \\'confidence\\' key\"\\nassert \\'reasoning\\' in result, \"Result must have \\'reasoning\\' key\"\\nassert result[\\'classification\\'] in [\\'simple\\', \\'complex\\'], f\"Invalid classification: {result[\\'classification\\']}\"\\nassert result[\\'classification\\'] == \\'simple\\', f\"Expected \\'simple\\', got \\'{result[\\'classification\\']}\\' for dev_004\"\\nassert 0 <= result[\\'confidence\\'] <= 1, f\"Confidence must be between 0 and 1, got {result[\\'confidence\\']}\"\\n\\n\\n# Test: dev_005\\nresult = classify_claim({\\'claim_id\\': \\'CLM-005\\', \\'description\\': \\'Two cars collided at intersection. Both drivers claim the other ran the red light. Dashcam footage is unclear.\\', \\'damage_estimate\\': 8000, \\'parties_involved\\': 2, \\'has_injury\\': False, \\'liability_clear\\': False, \\'vehicle_type\\': \\'personal\\'})\\nassert \\'classification\\' in result, \"Result must have \\'classification\\' key\"\\nassert \\'confidence\\' in result, \"Result must have \\'confidence\\' key\"\\nassert \\'reasoning\\' in result, \"Result must have \\'reasoning\\' key\"\\nassert result[\\'classification\\'] in [\\'simple\\', \\'complex\\'], f\"Invalid classification: {result[\\'classification\\']}\"\\nassert result[\\'classification\\'] == \\'complex\\', f\"Expected \\'complex\\', got \\'{result[\\'classification\\']}\\' for dev_005\"\\nassert 0 <= result[\\'confidence\\'] <= 1, f\"Confidence must be between 0 and 1, got {result[\\'confidence\\']}\"\\n\\n\\nprint(\\'All development tests passed!\\')')\n  File \"<string>\", line 9, in <module>\nAssertionError: Expected 'simple', got 'complex' for dev_001\n"
    },
    {
      "category": "ErrorCategory.SYNTAX",
      "origin": "ErrorOrigin.USER_CODE",
      "exception_type": "SyntaxError",
      "signature": "SyntaxError:Line 119: unterminated string literal (detected at line N)",
      "is_actionable": true,
      "original_message": "Line 119: unterminated string literal (detected at line 119)",
      "original_traceback": ""
    },
    {
      "category": "ErrorCategory.SYNTAX",
      "origin": "ErrorOrigin.USER_CODE",
      "exception_type": "SyntaxError",
      "signature": "SyntaxError:Line 119: unterminated string literal (detected at line N)",
      "is_actionable": true,
      "original_message": "Line 119: unterminated string literal (detected at line 119)",
      "original_traceback": ""
    },
    {
      "category": "ErrorCategory.SYNTAX",
      "origin": "ErrorOrigin.USER_CODE",
      "exception_type": "SyntaxError",
      "signature": "SyntaxError:Line 119: unterminated string literal (detected at line N)",
      "is_actionable": true,
      "original_message": "Line 119: unterminated string literal (detected at line 119)",
      "original_traceback": ""
    },
    {
      "category": "ErrorCategory.SYNTAX",
      "origin": "ErrorOrigin.USER_CODE",
      "exception_type": "SyntaxError",
      "signature": "SyntaxError:Line 119: unterminated string literal (detected at line N)",
      "is_actionable": true,
      "original_message": "Line 119: unterminated string literal (detected at line 119)",
      "original_traceback": ""
    },
    {
      "category": "ErrorCategory.SYNTAX",
      "origin": "ErrorOrigin.USER_CODE",
      "exception_type": "SyntaxError",
      "signature": "SyntaxError:Line 119: unterminated string literal (detected at line N)",
      "is_actionable": true,
      "original_message": "Line 119: unterminated string literal (detected at line 119)",
      "original_traceback": ""
    },
    {
      "category": "ErrorCategory.SYNTAX",
      "origin": "ErrorOrigin.USER_CODE",
      "exception_type": "SyntaxError",
      "signature": "SyntaxError:Line 119: unterminated string literal (detected at line N)",
      "is_actionable": true,
      "original_message": "Line 119: unterminated string literal (detected at line 119)",
      "original_traceback": ""
    },
    {
      "category": "ErrorCategory.SYNTAX",
      "origin": "ErrorOrigin.USER_CODE",
      "exception_type": "SyntaxError",
      "signature": "SyntaxError:Line 119: unterminated string literal (detected at line N)",
      "is_actionable": true,
      "original_message": "Line 119: unterminated string literal (detected at line 119)",
      "original_traceback": ""
    },
    {
      "category": "ErrorCategory.SYNTAX",
      "origin": "ErrorOrigin.USER_CODE",
      "exception_type": "SyntaxError",
      "signature": "SyntaxError:Line 119: unterminated string literal (detected at line N)",
      "is_actionable": true,
      "original_message": "Line 119: unterminated string literal (detected at line 119)",
      "original_traceback": ""
    },
    {
      "category": "ErrorCategory.SYNTAX",
      "origin": "ErrorOrigin.USER_CODE",
      "exception_type": "SyntaxError",
      "signature": "SyntaxError:Line 119: unterminated string literal (detected at line N)",
      "is_actionable": true,
      "original_message": "Line 119: unterminated string literal (detected at line 119)",
      "original_traceback": ""
    }
  ],
  "hallucination_result": {
    "total_api_calls": 0,
    "valid_calls": 0,
    "invented_calls": 0,
    "version_conflict_calls": 0,
    "hallucinated_symbols": []
  },
  "static_compliance": {
    "passed": false,
    "has_import": false,
    "has_framework_symbols": false,
    "imported_modules": [],
    "used_symbols": [],
    "missing_requirements": [
      "Code has syntax errors"
    ]
  },
  "python_version": "",
  "dependency_versions": {}
}